./extractors/cleaned_hand/vo/499.jpg
./extractors/cleaned_hand/vo/498.jpg
./extractors/cleaned_hand/vo/488.jpg
./extractors/cleaned_hand/vo/503.jpg
./extractors/cleaned_hand/vo/502.jpg
./extractors/cleaned_hand/vo/489.jpg
./extractors/cleaned_hand/vo/500.jpg
./extractors/cleaned_hand/vo/501.jpg
./extractors/cleaned_hand/vo/487.jpg
./extractors/cleaned_hand/vo/492.jpg
./extractors/cleaned_hand/vo/490.jpg
./extractors/cleaned_hand/vo/491.jpg
./extractors/cleaned_hand/cho/539.jpg
./extractors/cleaned_hand/cho/511.jpg
./extractors/cleaned_hand/cho/510.jpg
./extractors/cleaned_hand/cho/538.jpg
./extractors/cleaned_hand/cho/512.jpg
./extractors/cleaned_hand/cho/513.jpg
./extractors/cleaned_hand/cho/517.jpg
./extractors/cleaned_hand/cho/516.jpg
./extractors/cleaned_hand/cho/514.jpg
./extractors/cleaned_hand/cho/528.jpg
./extractors/cleaned_hand/cho/529.jpg
./extractors/cleaned_hand/cho/515.jpg
./extractors/cleaned_hand/cho/518.jpg
./extractors/cleaned_hand/cho/530.jpg
./extractors/cleaned_hand/cho/524.jpg
./extractors/cleaned_hand/cho/525.jpg
./extractors/cleaned_hand/cho/531.jpg
./extractors/cleaned_hand/cho/519.jpg
./extractors/cleaned_hand/cho/527.jpg
./extractors/cleaned_hand/cho/533.jpg
./extractors/cleaned_hand/cho/532.jpg
./extractors/cleaned_hand/cho/526.jpg
./extractors/cleaned_hand/cho/522.jpg
./extractors/cleaned_hand/cho/536.jpg
./extractors/cleaned_hand/cho/537.jpg
./extractors/cleaned_hand/cho/523.jpg
./extractors/cleaned_hand/cho/535.jpg
./extractors/cleaned_hand/cho/521.jpg
./extractors/cleaned_hand/cho/520.jpg
./extractors/cleaned_hand/cho/534.jpg
./extractors/cleaned_hand/chho/598.jpg
./extractors/cleaned_hand/chho/588.jpg
./extractors/cleaned_hand/chho/589.jpg
./extractors/cleaned_hand/chho/590.jpg
./extractors/cleaned_hand/chho/584.jpg
./extractors/cleaned_hand/chho/585.jpg
./extractors/cleaned_hand/chho/591.jpg
./extractors/cleaned_hand/chho/587.jpg
./extractors/cleaned_hand/chho/593.jpg
./extractors/cleaned_hand/chho/592.jpg
./extractors/cleaned_hand/chho/586.jpg
./extractors/cleaned_hand/chho/582.jpg
./extractors/cleaned_hand/chho/596.jpg
./extractors/cleaned_hand/chho/597.jpg
./extractors/cleaned_hand/chho/583.jpg
./extractors/cleaned_hand/chho/595.jpg
./extractors/cleaned_hand/chho/594.jpg
./extractors/cleaned_hand/mo/541.jpg
./extractors/cleaned_hand/mo/540.jpg
./extractors/cleaned_hand/ro/539.jpg
./extractors/cleaned_hand/ro/538.jpg
./extractors/cleaned_hand/ro/528.jpg
./extractors/cleaned_hand/ro/529.jpg
./extractors/cleaned_hand/ro/530.jpg
./extractors/cleaned_hand/ro/525.jpg
./extractors/cleaned_hand/ro/531.jpg
./extractors/cleaned_hand/ro/527.jpg
./extractors/cleaned_hand/ro/533.jpg
./extractors/cleaned_hand/ro/532.jpg
./extractors/cleaned_hand/ro/526.jpg
./extractors/cleaned_hand/ro/536.jpg
./extractors/cleaned_hand/ro/537.jpg
./extractors/cleaned_hand/ro/523.jpg
./extractors/cleaned_hand/ro/535.jpg
./extractors/cleaned_hand/ro/521.jpg
./extractors/cleaned_hand/ro/534.jpg
./extractors/cleaned_hand/ba/539.jpg
./extractors/cleaned_hand/ba/517.jpg
./extractors/cleaned_hand/ba/516.jpg
./extractors/cleaned_hand/ba/528.jpg
./extractors/cleaned_hand/ba/518.jpg
./extractors/cleaned_hand/ba/524.jpg
./extractors/cleaned_hand/ba/525.jpg
./extractors/cleaned_hand/ba/519.jpg
./extractors/cleaned_hand/ba/527.jpg
./extractors/cleaned_hand/ba/526.jpg
./extractors/cleaned_hand/ba/522.jpg
./extractors/cleaned_hand/ba/536.jpg
./extractors/cleaned_hand/ba/523.jpg
./extractors/cleaned_hand/ba/521.jpg
./extractors/cleaned_hand/ba/520.jpg
./extractors/cleaned_hand/tho2/459.jpg
./extractors/cleaned_hand/tho2/465.jpg
./extractors/cleaned_hand/tho2/471.jpg
./extractors/cleaned_hand/tho2/470.jpg
./extractors/cleaned_hand/tho2/464.jpg
./extractors/cleaned_hand/tho2/458.jpg
./extractors/cleaned_hand/tho2/472.jpg
./extractors/cleaned_hand/tho2/466.jpg
./extractors/cleaned_hand/tho2/467.jpg
./extractors/cleaned_hand/tho2/473.jpg
./extractors/cleaned_hand/tho2/477.jpg
./extractors/cleaned_hand/tho2/463.jpg
./extractors/cleaned_hand/tho2/462.jpg
./extractors/cleaned_hand/tho2/476.jpg
./extractors/cleaned_hand/tho2/460.jpg
./extractors/cleaned_hand/tho2/474.jpg
./extractors/cleaned_hand/tho2/475.jpg
./extractors/cleaned_hand/tho2/461.jpg
./extractors/cleaned_hand/tho2/478.jpg
./extractors/cleaned_hand/tho2/479.jpg
./extractors/cleaned_hand/tho2/453.jpg
./extractors/cleaned_hand/tho2/456.jpg
./extractors/cleaned_hand/tho2/457.jpg
./extractors/cleaned_hand/tho2/455.jpg
./extractors/cleaned_hand/tho2/469.jpg
./extractors/cleaned_hand/tho2/468.jpg
./extractors/cleaned_hand/tho2/454.jpg
./extractors/cleaned_hand/tho2/421.jpg
./extractors/cleaned_hand/tho2/420.jpg
./extractors/cleaned_hand/tho2/422.jpg
./extractors/cleaned_hand/tho2/423.jpg
./extractors/cleaned_hand/or/505.jpg
./extractors/cleaned_hand/or/504.jpg
./extractors/cleaned_hand/or/499.jpg
./extractors/cleaned_hand/or/506.jpg
./extractors/cleaned_hand/or/507.jpg
./extractors/cleaned_hand/or/498.jpg
./extractors/cleaned_hand/or/503.jpg
./extractors/cleaned_hand/or/502.jpg
./extractors/cleaned_hand/or/500.jpg
./extractors/cleaned_hand/or/501.jpg
./extractors/cleaned_hand/or/493.jpg
./extractors/cleaned_hand/or/492.jpg
./extractors/cleaned_hand/or/495.jpg
./extractors/cleaned_hand/or/494.jpg
./extractors/cleaned_hand/or/496.jpg
./extractors/cleaned_hand/or/509.jpg
./extractors/cleaned_hand/or/508.jpg
./extractors/cleaned_hand/or/497.jpg
./extractors/cleaned_hand/lo/539.jpg
./extractors/cleaned_hand/lo/511.jpg
./extractors/cleaned_hand/lo/510.jpg
./extractors/cleaned_hand/lo/538.jpg
./extractors/cleaned_hand/lo/512.jpg
./extractors/cleaned_hand/lo/513.jpg
./extractors/cleaned_hand/lo/517.jpg
./extractors/cleaned_hand/lo/516.jpg
./extractors/cleaned_hand/lo/514.jpg
./extractors/cleaned_hand/lo/528.jpg
./extractors/cleaned_hand/lo/529.jpg
./extractors/cleaned_hand/lo/515.jpg
./extractors/cleaned_hand/lo/530.jpg
./extractors/cleaned_hand/lo/524.jpg
./extractors/cleaned_hand/lo/525.jpg
./extractors/cleaned_hand/lo/531.jpg
./extractors/cleaned_hand/lo/527.jpg
./extractors/cleaned_hand/lo/533.jpg
./extractors/cleaned_hand/lo/532.jpg
./extractors/cleaned_hand/lo/526.jpg
./extractors/cleaned_hand/lo/522.jpg
./extractors/cleaned_hand/lo/536.jpg
./extractors/cleaned_hand/lo/537.jpg
./extractors/cleaned_hand/lo/523.jpg
./extractors/cleaned_hand/lo/535.jpg
./extractors/cleaned_hand/lo/521.jpg
./extractors/cleaned_hand/lo/534.jpg
./extractors/cleaned_hand/pha/539.jpg
./extractors/cleaned_hand/pha/538.jpg
./extractors/cleaned_hand/pha/528.jpg
./extractors/cleaned_hand/pha/527.jpg
./extractors/cleaned_hand/pha/533.jpg
./extractors/cleaned_hand/pha/534.jpg
